h:\cuda\latticeboltzmann_cuda\x64\debug\vc143.pdb
h:\cuda\latticeboltzmann_cuda\x64\debug\vc143.idb
h:\cuda\latticeboltzmann_cuda\x64\debug\liddrivencavity2d.obj
h:\cuda\latticeboltzmann_cuda\x64\debug\heatedwall.obj
h:\cuda\latticeboltzmann_cuda\x64\debug\d2q9.obj
h:\cuda\latticeboltzmann_cuda\x64\debug\boltzmannsolver.obj
h:\cuda\latticeboltzmann_cuda\x64\debug\main.obj
h:\cuda\latticeboltzmann_cuda\x64\debug\latticeboltzmann_cuda.lib
h:\cuda\latticeboltzmann_cuda\x64\debug\latticeboltzmann_cuda.exp
h:\cuda\latticeboltzmann_cuda\x64\debug\kernel.cu.cache
h:\cuda\latticeboltzmann_cuda\x64\debug\kernel.cu.obj
h:\cuda\latticeboltzmann_cuda\x64\debug\latticeboltzmann_cuda.pdb
h:\cuda\latticeboltzmann_cuda\x64\debug\latticeb.7bc75d8f.tlog\cl.command.1.tlog
h:\cuda\latticeboltzmann_cuda\x64\debug\latticeb.7bc75d8f.tlog\cl.items.tlog
h:\cuda\latticeboltzmann_cuda\x64\debug\latticeb.7bc75d8f.tlog\cl.read.1.tlog
h:\cuda\latticeboltzmann_cuda\x64\debug\latticeb.7bc75d8f.tlog\cl.write.1.tlog
h:\cuda\latticeboltzmann_cuda\x64\debug\latticeb.7bc75d8f.tlog\link-cvtres.read.1.tlog
h:\cuda\latticeboltzmann_cuda\x64\debug\latticeb.7bc75d8f.tlog\link-cvtres.write.1.tlog
h:\cuda\latticeboltzmann_cuda\x64\debug\latticeb.7bc75d8f.tlog\link-rc.read.1.tlog
h:\cuda\latticeboltzmann_cuda\x64\debug\latticeb.7bc75d8f.tlog\link-rc.write.1.tlog
h:\cuda\latticeboltzmann_cuda\x64\debug\latticeb.7bc75d8f.tlog\link.31144-cvtres.read.1.tlog
h:\cuda\latticeboltzmann_cuda\x64\debug\latticeb.7bc75d8f.tlog\link.31144-cvtres.write.1.tlog
h:\cuda\latticeboltzmann_cuda\x64\debug\latticeb.7bc75d8f.tlog\link.31144-rc.read.1.tlog
h:\cuda\latticeboltzmann_cuda\x64\debug\latticeb.7bc75d8f.tlog\link.31144-rc.write.1.tlog
h:\cuda\latticeboltzmann_cuda\x64\debug\latticeb.7bc75d8f.tlog\link.31144.read.1.tlog
h:\cuda\latticeboltzmann_cuda\x64\debug\latticeb.7bc75d8f.tlog\link.31144.read.2.tlog
h:\cuda\latticeboltzmann_cuda\x64\debug\latticeb.7bc75d8f.tlog\link.31144.write.1.tlog
h:\cuda\latticeboltzmann_cuda\x64\debug\latticeb.7bc75d8f.tlog\link.command.1.tlog
h:\cuda\latticeboltzmann_cuda\x64\debug\latticeb.7bc75d8f.tlog\link.read.1.tlog
h:\cuda\latticeboltzmann_cuda\x64\debug\latticeb.7bc75d8f.tlog\link.read.2.tlog
h:\cuda\latticeboltzmann_cuda\x64\debug\latticeb.7bc75d8f.tlog\link.write.1.tlog
h:\cuda\latticeboltzmann_cuda\x64\debug\latticeb.7bc75d8f.tlog\link.write.2u.tlog
